0 info it worked if it ends with ok
1 verbose cli [ 'C:\\Program Files\\nodejs\\\\node.exe',
1 verbose cli   'C:\\Program Files\\nodejs\\node_modules\\npm\\bin\\npm-cli.js',
1 verbose cli   'install',
1 verbose cli   'sqlite3' ]
2 info using npm@1.2.11
3 info using node@v0.8.21
4 verbose node symlink C:\Program Files\nodejs\\node.exe
5 verbose read json C:\Users\Dani7\Documents\GitHub\Mount-Snow\package.json
6 verbose read json C:\Users\Dani7\Documents\GitHub\Mount-Snow\node_modules\ejs\package.json
7 verbose read json C:\Users\Dani7\Documents\GitHub\Mount-Snow\node_modules\express\package.json
8 verbose read json C:\Users\Dani7\Documents\GitHub\Mount-Snow\node_modules\socket.io\package.json
9 verbose read json C:\Users\Dani7\Documents\GitHub\Mount-Snow\node_modules\sqlite3\package.json
10 verbose from cache C:\Users\Dani7\Documents\GitHub\Mount-Snow\package.json
11 verbose readDependencies using package.json deps
12 verbose cache add [ 'sqlite3@>= 2.1.7', null ]
13 verbose cache add name=undefined spec="sqlite3@>= 2.1.7" args=["sqlite3@>= 2.1.7",null]
14 verbose parsed url { pathname: 'sqlite3@%3E=%202.1.7',
14 verbose parsed url   path: 'sqlite3@%3E=%202.1.7',
14 verbose parsed url   href: 'sqlite3@%3E=%202.1.7' }
15 verbose cache add name="sqlite3" spec=">= 2.1.7" args=["sqlite3",">= 2.1.7"]
16 verbose parsed url { pathname: '%3E=%202.1.7',
16 verbose parsed url   path: '%3E=%202.1.7',
16 verbose parsed url   href: '%3E=%202.1.7' }
17 verbose addNamed [ 'sqlite3', '>= 2.1.7' ]
18 verbose addNamed [ null, '>=2.1.7' ]
19 silly lockFile 19616d6e-sqlite3-2-1-7 sqlite3@>= 2.1.7
20 verbose lock sqlite3@>= 2.1.7 C:\Users\Dani7\AppData\Roaming\npm-cache\19616d6e-sqlite3-2-1-7.lock
21 silly addNameRange { name: 'sqlite3', range: '>=2.1.7', hasData: false }
22 verbose url raw sqlite3
23 verbose url resolving [ 'https://registry.npmjs.org/', './sqlite3' ]
24 verbose url resolved https://registry.npmjs.org/sqlite3
25 info trying registry request attempt 1 at 13:29:39
26 http GET https://registry.npmjs.org/sqlite3
27 http 200 https://registry.npmjs.org/sqlite3
28 silly registry.get cb [ 200,
28 silly registry.get   { vary: 'Accept',
28 silly registry.get     server: 'CouchDB/1.3.0 (Erlang OTP/R15B03)',
28 silly registry.get     etag: '"6CA1MLLWIUC6TF4BWJAJN698R"',
28 silly registry.get     date: 'Thu, 02 May 2013 17:29:46 GMT',
28 silly registry.get     'content-type': 'application/json',
28 silly registry.get     'content-length': '61134' } ]
29 silly addNameRange number 2 { name: 'sqlite3', range: '>=2.1.7', hasData: true }
30 silly addNameRange versions [ 'sqlite3',
30 silly addNameRange   [ '2.0.0',
30 silly addNameRange     '2.0.1',
30 silly addNameRange     '2.0.2',
30 silly addNameRange     '2.0.3',
30 silly addNameRange     '2.0.4',
30 silly addNameRange     '2.0.5',
30 silly addNameRange     '2.0.6',
30 silly addNameRange     '2.0.7',
30 silly addNameRange     '2.0.8',
30 silly addNameRange     '2.0.9',
30 silly addNameRange     '2.0.10',
30 silly addNameRange     '2.0.11',
30 silly addNameRange     '2.0.12',
30 silly addNameRange     '2.0.13',
30 silly addNameRange     '2.0.14',
30 silly addNameRange     '2.0.15',
30 silly addNameRange     '2.0.16',
30 silly addNameRange     '2.0.17',
30 silly addNameRange     '2.0.18',
30 silly addNameRange     '2.1.0',
30 silly addNameRange     '2.1.1',
30 silly addNameRange     '2.1.2',
30 silly addNameRange     '2.1.3',
30 silly addNameRange     '2.1.4',
30 silly addNameRange     '2.1.5',
30 silly addNameRange     '2.1.7' ] ]
31 verbose addNamed [ 'sqlite3', '2.1.7' ]
32 verbose addNamed [ '2.1.7', '2.1.7' ]
33 silly lockFile cb8bb12f-sqlite3-2-1-7 sqlite3@2.1.7
34 verbose lock sqlite3@2.1.7 C:\Users\Dani7\AppData\Roaming\npm-cache\cb8bb12f-sqlite3-2-1-7.lock
35 silly lockFile 6dc49e76-js-org-sqlite3-sqlite3-2-1-7-tgz https://registry.npmjs.org/sqlite3/-/sqlite3-2.1.7.tgz
36 verbose lock https://registry.npmjs.org/sqlite3/-/sqlite3-2.1.7.tgz C:\Users\Dani7\AppData\Roaming\npm-cache\6dc49e76-js-org-sqlite3-sqlite3-2-1-7-tgz.lock
37 verbose addRemoteTarball [ 'https://registry.npmjs.org/sqlite3/-/sqlite3-2.1.7.tgz',
37 verbose addRemoteTarball   '568c0fec9a27db6cb2041f69c811f80f18865601' ]
38 info retry fetch attempt 1 at 13:29:42
39 verbose fetch to= C:\Users\Dani7\AppData\Local\Temp\npm-4944\1367515782127-0.9067077573854476\tmp.tgz
40 http GET https://registry.npmjs.org/sqlite3/-/sqlite3-2.1.7.tgz
41 http 200 https://registry.npmjs.org/sqlite3/-/sqlite3-2.1.7.tgz
42 silly shasum updated bytes 40960
43 silly shasum updated bytes 40960
44 silly shasum updated bytes 40960
45 silly shasum updated bytes 40960
46 silly shasum updated bytes 40960
47 silly shasum updated bytes 40960
48 silly shasum updated bytes 40960
49 silly shasum updated bytes 40960
50 silly shasum updated bytes 40960
51 silly shasum updated bytes 40960
52 silly shasum updated bytes 40960
53 silly shasum updated bytes 40960
54 silly shasum updated bytes 40960
55 silly shasum updated bytes 40960
56 silly shasum updated bytes 40960
57 silly shasum updated bytes 40960
58 silly shasum updated bytes 40960
59 silly shasum updated bytes 40960
60 silly shasum updated bytes 40960
61 silly shasum updated bytes 40960
62 silly shasum updated bytes 40960
63 silly shasum updated bytes 40960
64 silly shasum updated bytes 40960
65 silly shasum updated bytes 40960
66 silly shasum updated bytes 40960
67 silly shasum updated bytes 40960
68 silly shasum updated bytes 40960
69 silly shasum updated bytes 40960
70 silly shasum updated bytes 40960
71 silly shasum updated bytes 40960
72 silly shasum updated bytes 40960
73 silly shasum updated bytes 40960
74 silly shasum updated bytes 40960
75 silly shasum updated bytes 40960
76 silly shasum updated bytes 40960
77 silly shasum updated bytes 40960
78 silly shasum updated bytes 40960
79 silly shasum updated bytes 40960
80 silly shasum updated bytes 40960
81 silly shasum updated bytes 40960
82 silly shasum updated bytes 40960
83 silly shasum updated bytes 40960
84 silly shasum updated bytes 40960
85 silly shasum updated bytes 40960
86 silly shasum updated bytes 40960
87 silly shasum updated bytes 40960
88 silly shasum updated bytes 40960
89 silly shasum updated bytes 40960
90 silly shasum updated bytes 40960
91 silly shasum updated bytes 40960
92 silly shasum updated bytes 40960
93 silly shasum updated bytes 40960
94 silly shasum updated bytes 30229
95 info shasum 568c0fec9a27db6cb2041f69c811f80f18865601
95 info shasum C:\Users\Dani7\AppData\Local\Temp\npm-4944\1367515782127-0.9067077573854476\tmp.tgz
96 verbose tar unpack C:\Users\Dani7\AppData\Local\Temp\npm-4944\1367515782127-0.9067077573854476\tmp.tgz
97 silly lockFile 58b6f863-82127-0-9067077573854476-package C:\Users\Dani7\AppData\Local\Temp\npm-4944\1367515782127-0.9067077573854476\package
98 verbose lock C:\Users\Dani7\AppData\Local\Temp\npm-4944\1367515782127-0.9067077573854476\package C:\Users\Dani7\AppData\Roaming\npm-cache\58b6f863-82127-0-9067077573854476-package.lock
99 silly lockFile be9159c9-82127-0-9067077573854476-tmp-tgz C:\Users\Dani7\AppData\Local\Temp\npm-4944\1367515782127-0.9067077573854476\tmp.tgz
100 verbose lock C:\Users\Dani7\AppData\Local\Temp\npm-4944\1367515782127-0.9067077573854476\tmp.tgz C:\Users\Dani7\AppData\Roaming\npm-cache\be9159c9-82127-0-9067077573854476-tmp-tgz.lock
101 silly gunzTarPerm modes [ '755', '644' ]
102 silly gunzTarPerm extractEntry package.json
103 silly gunzTarPerm extractEntry .npmignore
104 silly gunzTarPerm extractEntry README.md
105 silly gunzTarPerm extractEntry LICENSE
106 silly gunzTarPerm extractEntry sqlite3.js
107 silly gunzTarPerm extractEntry binding.gyp
108 silly gunzTarPerm extractEntry configure
109 silly gunzTarPerm extractEntry Makefile
110 silly gunzTarPerm extractEntry examples/simple-chaining.js
111 silly gunzTarPerm extractEntry lib/index.js
112 silly gunzTarPerm extractEntry lib/sqlite3.js
113 silly gunzTarPerm extractEntry lib/trace.js
114 silly gunzTarPerm extractEntry test/affected.test.js
115 silly gunzTarPerm extractEntry test/fts-content.test.js
116 silly gunzTarPerm extractEntry test/map.test.js
117 silly gunzTarPerm extractEntry test/named_columns.test.js
118 silly gunzTarPerm extractEntry test/extension.test.js
119 silly gunzTarPerm extractEntry test/blob.test.js
120 silly gunzTarPerm extractEntry test/open_close.test.js
121 silly gunzTarPerm extractEntry test/other_objects.test.js
122 silly gunzTarPerm extractEntry test/parallel_insert.test.js
123 silly gunzTarPerm extractEntry test/prepare.test.js
124 silly gunzTarPerm extractEntry test/exec.test.js
125 silly gunzTarPerm extractEntry test/profile.test.js
126 silly gunzTarPerm extractEntry test/each.test.js
127 silly gunzTarPerm extractEntry test/rerun.test.js
128 silly gunzTarPerm extractEntry test/database_fail.test.js
129 silly gunzTarPerm extractEntry test/scheduling.test.js
130 silly gunzTarPerm extractEntry test/constants.test.js
131 silly gunzTarPerm extractEntry test/serialization.test.js
132 silly gunzTarPerm extractEntry test/cache.test.js
133 silly gunzTarPerm extractEntry test/trace.test.js
134 silly gunzTarPerm extractEntry test/named_params.test.js
135 silly gunzTarPerm extractEntry test/unicode.test.js
136 silly gunzTarPerm extractEntry test/null_error.test.js
137 silly gunzTarPerm extractEntry test/support/createdb.js
138 silly gunzTarPerm extractEntry test/support/helper.js
139 silly gunzTarPerm extractEntry test/support/elmo.png
140 silly gunzTarPerm extractEntry test/support/prepare.db
141 silly gunzTarPerm extractEntry test/support/script.sql
142 silly gunzTarPerm extractEntry benchmark/insert.js
143 silly gunzTarPerm extractEntry benchmark/insert-transaction.sql
144 silly gunzTarPerm extractEntry src/async.h
145 silly gunzTarPerm extractEntry src/database.cc
146 silly gunzTarPerm extractEntry src/database.h
147 silly gunzTarPerm extractEntry src/macros.h
148 silly gunzTarPerm extractEntry src/node_sqlite3.cc
149 silly gunzTarPerm extractEntry src/statement.cc
150 silly gunzTarPerm extractEntry src/statement.h
151 silly gunzTarPerm extractEntry src/threading.h
152 silly gunzTarPerm extractEntry deps/sqlite3/README
153 silly gunzTarPerm extractEntry deps/sqlite3/install-sh
154 silly gunzTarPerm extractEntry deps/sqlite3/Makefile.in
155 silly gunzTarPerm extractEntry deps/sqlite3/INSTALL
156 silly gunzTarPerm extractEntry deps/sqlite3/aclocal.m4
157 silly gunzTarPerm extractEntry deps/sqlite3/binding.gyp
158 silly gunzTarPerm extractEntry deps/sqlite3/config.guess
159 silly gunzTarPerm extractEntry deps/sqlite3/config.sub
160 silly gunzTarPerm extractEntry deps/sqlite3/configure
161 silly gunzTarPerm extractEntry deps/sqlite3/configure.ac
162 silly gunzTarPerm extractEntry deps/sqlite3/depcomp
163 silly gunzTarPerm extractEntry deps/sqlite3/Makefile.am
164 silly gunzTarPerm extractEntry deps/sqlite3/ltmain.sh
165 silly gunzTarPerm extractEntry deps/sqlite3/missing
166 silly gunzTarPerm extractEntry deps/sqlite3/shell.c
167 silly gunzTarPerm extractEntry deps/sqlite3/sqlite3.1
168 silly gunzTarPerm extractEntry deps/sqlite3/sqlite3.c
169 silly gunzTarPerm extractEntry deps/sqlite3/sqlite3.h
170 silly gunzTarPerm extractEntry deps/sqlite3/sqlite3.pc
171 silly gunzTarPerm extractEntry deps/sqlite3/sqlite3.pc.in
172 silly gunzTarPerm extractEntry deps/sqlite3/sqlite3ext.h
173 silly gunzTarPerm extractEntry deps/sqlite3/tea/README
174 silly gunzTarPerm extractEntry deps/sqlite3/tea/doc/sqlite3.n
175 silly gunzTarPerm extractEntry deps/sqlite3/tea/aclocal.m4
176 silly gunzTarPerm extractEntry deps/sqlite3/tea/configure
177 silly gunzTarPerm extractEntry deps/sqlite3/tea/configure.in
178 silly gunzTarPerm extractEntry deps/sqlite3/tea/Makefile.in
179 silly gunzTarPerm extractEntry deps/sqlite3/tea/generic/tclsqlite3.c
180 silly gunzTarPerm extractEntry deps/sqlite3/tea/license.terms
181 silly gunzTarPerm extractEntry deps/sqlite3/tea/pkgIndex.tcl.in
182 silly gunzTarPerm extractEntry deps/sqlite3/tea/tclconfig/install-sh
183 silly gunzTarPerm extractEntry deps/sqlite3/tea/tclconfig/tcl.m4
184 silly gunzTarPerm extractEntry deps/sqlite3/tea/win/makefile.vc
185 silly gunzTarPerm extractEntry deps/sqlite3/tea/win/nmakehlp.c
186 silly gunzTarPerm extractEntry deps/sqlite3/tea/win/rules.vc
187 verbose read json C:\Users\Dani7\AppData\Local\Temp\npm-4944\1367515782127-0.9067077573854476\package\package.json
188 silly lockFile 58b6f863-82127-0-9067077573854476-package C:\Users\Dani7\AppData\Local\Temp\npm-4944\1367515782127-0.9067077573854476\package
189 silly lockFile 58b6f863-82127-0-9067077573854476-package C:\Users\Dani7\AppData\Local\Temp\npm-4944\1367515782127-0.9067077573854476\package
190 silly lockFile be9159c9-82127-0-9067077573854476-tmp-tgz C:\Users\Dani7\AppData\Local\Temp\npm-4944\1367515782127-0.9067077573854476\tmp.tgz
191 silly lockFile be9159c9-82127-0-9067077573854476-tmp-tgz C:\Users\Dani7\AppData\Local\Temp\npm-4944\1367515782127-0.9067077573854476\tmp.tgz
192 verbose from cache C:\Users\Dani7\AppData\Local\Temp\npm-4944\1367515782127-0.9067077573854476\package\package.json
193 verbose tar pack [ 'C:\\Users\\Dani7\\AppData\\Roaming\\npm-cache\\sqlite3\\2.1.7\\package.tgz',
193 verbose tar pack   'C:\\Users\\Dani7\\AppData\\Local\\Temp\\npm-4944\\1367515782127-0.9067077573854476\\package' ]
194 verbose tarball C:\Users\Dani7\AppData\Roaming\npm-cache\sqlite3\2.1.7\package.tgz
195 verbose folder C:\Users\Dani7\AppData\Local\Temp\npm-4944\1367515782127-0.9067077573854476\package
196 silly lockFile 58b6f863-82127-0-9067077573854476-package C:\Users\Dani7\AppData\Local\Temp\npm-4944\1367515782127-0.9067077573854476\package
197 verbose lock C:\Users\Dani7\AppData\Local\Temp\npm-4944\1367515782127-0.9067077573854476\package C:\Users\Dani7\AppData\Roaming\npm-cache\58b6f863-82127-0-9067077573854476-package.lock
198 silly lockFile 151dfbec--cache-sqlite3-2-1-7-package-tgz C:\Users\Dani7\AppData\Roaming\npm-cache\sqlite3\2.1.7\package.tgz
199 verbose lock C:\Users\Dani7\AppData\Roaming\npm-cache\sqlite3\2.1.7\package.tgz C:\Users\Dani7\AppData\Roaming\npm-cache\151dfbec--cache-sqlite3-2-1-7-package-tgz.lock
200 silly lockFile 58b6f863-82127-0-9067077573854476-package C:\Users\Dani7\AppData\Local\Temp\npm-4944\1367515782127-0.9067077573854476\package
201 silly lockFile 58b6f863-82127-0-9067077573854476-package C:\Users\Dani7\AppData\Local\Temp\npm-4944\1367515782127-0.9067077573854476\package
202 silly lockFile 151dfbec--cache-sqlite3-2-1-7-package-tgz C:\Users\Dani7\AppData\Roaming\npm-cache\sqlite3\2.1.7\package.tgz
203 silly lockFile 151dfbec--cache-sqlite3-2-1-7-package-tgz C:\Users\Dani7\AppData\Roaming\npm-cache\sqlite3\2.1.7\package.tgz
204 silly lockFile c83d603c--npm-cache-sqlite3-2-1-7-package C:\Users\Dani7\AppData\Roaming\npm-cache\sqlite3\2.1.7\package
205 verbose lock C:\Users\Dani7\AppData\Roaming\npm-cache\sqlite3\2.1.7\package C:\Users\Dani7\AppData\Roaming\npm-cache\c83d603c--npm-cache-sqlite3-2-1-7-package.lock
206 silly lockFile c83d603c--npm-cache-sqlite3-2-1-7-package C:\Users\Dani7\AppData\Roaming\npm-cache\sqlite3\2.1.7\package
207 silly lockFile c83d603c--npm-cache-sqlite3-2-1-7-package C:\Users\Dani7\AppData\Roaming\npm-cache\sqlite3\2.1.7\package
208 verbose tar unpack C:\Users\Dani7\AppData\Roaming\npm-cache\sqlite3\2.1.7\package.tgz
209 silly lockFile c83d603c--npm-cache-sqlite3-2-1-7-package C:\Users\Dani7\AppData\Roaming\npm-cache\sqlite3\2.1.7\package
210 verbose lock C:\Users\Dani7\AppData\Roaming\npm-cache\sqlite3\2.1.7\package C:\Users\Dani7\AppData\Roaming\npm-cache\c83d603c--npm-cache-sqlite3-2-1-7-package.lock
211 silly lockFile 151dfbec--cache-sqlite3-2-1-7-package-tgz C:\Users\Dani7\AppData\Roaming\npm-cache\sqlite3\2.1.7\package.tgz
212 verbose lock C:\Users\Dani7\AppData\Roaming\npm-cache\sqlite3\2.1.7\package.tgz C:\Users\Dani7\AppData\Roaming\npm-cache\151dfbec--cache-sqlite3-2-1-7-package-tgz.lock
213 silly gunzTarPerm modes [ '755', '644' ]
214 silly gunzTarPerm extractEntry package.json
215 silly gunzTarPerm modified mode [ 'package.json', 438, 420 ]
216 silly gunzTarPerm extractEntry .npmignore
217 silly gunzTarPerm modified mode [ '.npmignore', 438, 420 ]
218 silly gunzTarPerm extractEntry README.md
219 silly gunzTarPerm modified mode [ 'README.md', 438, 420 ]
220 silly gunzTarPerm extractEntry LICENSE
221 silly gunzTarPerm modified mode [ 'LICENSE', 438, 420 ]
222 silly gunzTarPerm extractEntry sqlite3.js
223 silly gunzTarPerm modified mode [ 'sqlite3.js', 438, 420 ]
224 silly gunzTarPerm extractEntry deps/sqlite3/README
225 silly gunzTarPerm modified mode [ 'deps/sqlite3/README', 438, 420 ]
226 silly gunzTarPerm extractEntry deps/sqlite3/Makefile.in
227 silly gunzTarPerm modified mode [ 'deps/sqlite3/Makefile.in', 438, 420 ]
228 silly gunzTarPerm extractEntry deps/sqlite3/config.guess
229 silly gunzTarPerm modified mode [ 'deps/sqlite3/config.guess', 438, 420 ]
230 silly gunzTarPerm extractEntry deps/sqlite3/config.sub
231 silly gunzTarPerm modified mode [ 'deps/sqlite3/config.sub', 438, 420 ]
232 silly gunzTarPerm extractEntry deps/sqlite3/configure
233 silly gunzTarPerm modified mode [ 'deps/sqlite3/configure', 438, 420 ]
234 silly gunzTarPerm extractEntry deps/sqlite3/configure.ac
235 silly gunzTarPerm modified mode [ 'deps/sqlite3/configure.ac', 438, 420 ]
236 silly gunzTarPerm extractEntry deps/sqlite3/depcomp
237 silly gunzTarPerm modified mode [ 'deps/sqlite3/depcomp', 438, 420 ]
238 silly gunzTarPerm extractEntry deps/sqlite3/INSTALL
239 silly gunzTarPerm modified mode [ 'deps/sqlite3/INSTALL', 438, 420 ]
240 silly gunzTarPerm extractEntry deps/sqlite3/install-sh
241 silly gunzTarPerm modified mode [ 'deps/sqlite3/install-sh', 438, 420 ]
242 silly gunzTarPerm extractEntry deps/sqlite3/ltmain.sh
243 silly gunzTarPerm modified mode [ 'deps/sqlite3/ltmain.sh', 438, 420 ]
244 silly gunzTarPerm extractEntry deps/sqlite3/Makefile.am
245 silly gunzTarPerm modified mode [ 'deps/sqlite3/Makefile.am', 438, 420 ]
246 silly gunzTarPerm extractEntry deps/sqlite3/binding.gyp
247 silly gunzTarPerm modified mode [ 'deps/sqlite3/binding.gyp', 438, 420 ]
248 silly gunzTarPerm extractEntry deps/sqlite3/missing
249 silly gunzTarPerm modified mode [ 'deps/sqlite3/missing', 438, 420 ]
250 silly gunzTarPerm extractEntry deps/sqlite3/aclocal.m4
251 silly gunzTarPerm modified mode [ 'deps/sqlite3/aclocal.m4', 438, 420 ]
252 silly gunzTarPerm extractEntry deps/sqlite3/shell.c
253 silly gunzTarPerm modified mode [ 'deps/sqlite3/shell.c', 438, 420 ]
254 silly gunzTarPerm extractEntry deps/sqlite3/sqlite3.1
255 silly gunzTarPerm modified mode [ 'deps/sqlite3/sqlite3.1', 438, 420 ]
256 silly gunzTarPerm extractEntry deps/sqlite3/sqlite3.c
257 silly gunzTarPerm modified mode [ 'deps/sqlite3/sqlite3.c', 438, 420 ]
258 silly gunzTarPerm extractEntry deps/sqlite3/sqlite3.h
259 silly gunzTarPerm modified mode [ 'deps/sqlite3/sqlite3.h', 438, 420 ]
260 silly gunzTarPerm extractEntry deps/sqlite3/sqlite3.pc
261 silly gunzTarPerm modified mode [ 'deps/sqlite3/sqlite3.pc', 438, 420 ]
262 silly gunzTarPerm extractEntry deps/sqlite3/sqlite3.pc.in
263 silly gunzTarPerm modified mode [ 'deps/sqlite3/sqlite3.pc.in', 438, 420 ]
264 silly gunzTarPerm extractEntry deps/sqlite3/sqlite3ext.h
265 silly gunzTarPerm modified mode [ 'deps/sqlite3/sqlite3ext.h', 438, 420 ]
266 silly gunzTarPerm extractEntry deps/sqlite3/tea/README
267 silly gunzTarPerm modified mode [ 'deps/sqlite3/tea/README', 438, 420 ]
268 silly gunzTarPerm extractEntry deps/sqlite3/tea/license.terms
269 silly gunzTarPerm modified mode [ 'deps/sqlite3/tea/license.terms', 438, 420 ]
270 silly gunzTarPerm extractEntry deps/sqlite3/tea/configure.in
271 silly gunzTarPerm modified mode [ 'deps/sqlite3/tea/configure.in', 438, 420 ]
272 silly gunzTarPerm extractEntry deps/sqlite3/tea/doc/sqlite3.n
273 silly gunzTarPerm modified mode [ 'deps/sqlite3/tea/doc/sqlite3.n', 438, 420 ]
274 silly gunzTarPerm extractEntry deps/sqlite3/tea/generic/tclsqlite3.c
275 silly gunzTarPerm modified mode [ 'deps/sqlite3/tea/generic/tclsqlite3.c', 438, 420 ]
276 silly gunzTarPerm extractEntry deps/sqlite3/tea/configure
277 silly gunzTarPerm modified mode [ 'deps/sqlite3/tea/configure', 438, 420 ]
278 silly gunzTarPerm extractEntry deps/sqlite3/tea/Makefile.in
279 silly gunzTarPerm modified mode [ 'deps/sqlite3/tea/Makefile.in', 438, 420 ]
280 silly gunzTarPerm extractEntry deps/sqlite3/tea/pkgIndex.tcl.in
281 silly gunzTarPerm modified mode [ 'deps/sqlite3/tea/pkgIndex.tcl.in', 438, 420 ]
282 silly gunzTarPerm extractEntry deps/sqlite3/tea/aclocal.m4
283 silly gunzTarPerm modified mode [ 'deps/sqlite3/tea/aclocal.m4', 438, 420 ]
284 silly gunzTarPerm extractEntry deps/sqlite3/tea/tclconfig/install-sh
285 silly gunzTarPerm modified mode [ 'deps/sqlite3/tea/tclconfig/install-sh', 438, 420 ]
286 silly gunzTarPerm extractEntry deps/sqlite3/tea/tclconfig/tcl.m4
287 silly gunzTarPerm modified mode [ 'deps/sqlite3/tea/tclconfig/tcl.m4', 438, 420 ]
288 silly gunzTarPerm extractEntry deps/sqlite3/tea/win/makefile.vc
289 silly gunzTarPerm modified mode [ 'deps/sqlite3/tea/win/makefile.vc', 438, 420 ]
290 silly gunzTarPerm extractEntry deps/sqlite3/tea/win/nmakehlp.c
291 silly gunzTarPerm modified mode [ 'deps/sqlite3/tea/win/nmakehlp.c', 438, 420 ]
292 silly gunzTarPerm extractEntry deps/sqlite3/tea/win/rules.vc
293 silly gunzTarPerm modified mode [ 'deps/sqlite3/tea/win/rules.vc', 438, 420 ]
294 silly gunzTarPerm extractEntry examples/simple-chaining.js
295 silly gunzTarPerm modified mode [ 'examples/simple-chaining.js', 438, 420 ]
296 silly gunzTarPerm extractEntry lib/index.js
297 silly gunzTarPerm modified mode [ 'lib/index.js', 438, 420 ]
298 silly gunzTarPerm extractEntry lib/sqlite3.js
299 silly gunzTarPerm modified mode [ 'lib/sqlite3.js', 438, 420 ]
300 silly gunzTarPerm extractEntry lib/trace.js
301 silly gunzTarPerm modified mode [ 'lib/trace.js', 438, 420 ]
302 silly gunzTarPerm extractEntry benchmark/insert.js
303 silly gunzTarPerm modified mode [ 'benchmark/insert.js', 438, 420 ]
304 silly gunzTarPerm extractEntry benchmark/insert-transaction.sql
305 silly gunzTarPerm modified mode [ 'benchmark/insert-transaction.sql', 438, 420 ]
306 silly gunzTarPerm extractEntry Makefile
307 silly gunzTarPerm modified mode [ 'Makefile', 438, 420 ]
308 silly gunzTarPerm extractEntry configure
309 silly gunzTarPerm modified mode [ 'configure', 438, 420 ]
310 silly gunzTarPerm extractEntry binding.gyp
311 silly gunzTarPerm modified mode [ 'binding.gyp', 438, 420 ]
312 silly gunzTarPerm extractEntry src/async.h
313 silly gunzTarPerm modified mode [ 'src/async.h', 438, 420 ]
314 silly gunzTarPerm extractEntry src/database.cc
315 silly gunzTarPerm modified mode [ 'src/database.cc', 438, 420 ]
316 silly gunzTarPerm extractEntry src/database.h
317 silly gunzTarPerm modified mode [ 'src/database.h', 438, 420 ]
318 silly gunzTarPerm extractEntry src/macros.h
319 silly gunzTarPerm modified mode [ 'src/macros.h', 438, 420 ]
320 silly gunzTarPerm extractEntry src/node_sqlite3.cc
321 silly gunzTarPerm modified mode [ 'src/node_sqlite3.cc', 438, 420 ]
322 silly gunzTarPerm extractEntry src/statement.cc
323 silly gunzTarPerm modified mode [ 'src/statement.cc', 438, 420 ]
324 silly gunzTarPerm extractEntry src/statement.h
325 silly gunzTarPerm modified mode [ 'src/statement.h', 438, 420 ]
326 silly gunzTarPerm extractEntry src/threading.h
327 silly gunzTarPerm modified mode [ 'src/threading.h', 438, 420 ]
328 silly gunzTarPerm extractEntry test/affected.test.js
329 silly gunzTarPerm modified mode [ 'test/affected.test.js', 438, 420 ]
330 silly gunzTarPerm extractEntry test/fts-content.test.js
331 silly gunzTarPerm modified mode [ 'test/fts-content.test.js', 438, 420 ]
332 silly gunzTarPerm extractEntry test/map.test.js
333 silly gunzTarPerm modified mode [ 'test/map.test.js', 438, 420 ]
334 silly gunzTarPerm extractEntry test/named_columns.test.js
335 silly gunzTarPerm modified mode [ 'test/named_columns.test.js', 438, 420 ]
336 silly gunzTarPerm extractEntry test/extension.test.js
337 silly gunzTarPerm modified mode [ 'test/extension.test.js', 438, 420 ]
338 silly gunzTarPerm extractEntry test/blob.test.js
339 silly gunzTarPerm modified mode [ 'test/blob.test.js', 438, 420 ]
340 silly gunzTarPerm extractEntry test/open_close.test.js
341 silly gunzTarPerm modified mode [ 'test/open_close.test.js', 438, 420 ]
342 silly gunzTarPerm extractEntry test/other_objects.test.js
343 silly gunzTarPerm modified mode [ 'test/other_objects.test.js', 438, 420 ]
344 silly gunzTarPerm extractEntry test/parallel_insert.test.js
345 silly gunzTarPerm modified mode [ 'test/parallel_insert.test.js', 438, 420 ]
346 silly gunzTarPerm extractEntry test/prepare.test.js
347 silly gunzTarPerm modified mode [ 'test/prepare.test.js', 438, 420 ]
348 silly gunzTarPerm extractEntry test/exec.test.js
349 silly gunzTarPerm modified mode [ 'test/exec.test.js', 438, 420 ]
350 silly gunzTarPerm extractEntry test/profile.test.js
351 silly gunzTarPerm modified mode [ 'test/profile.test.js', 438, 420 ]
352 silly gunzTarPerm extractEntry test/each.test.js
353 silly gunzTarPerm modified mode [ 'test/each.test.js', 438, 420 ]
354 silly gunzTarPerm extractEntry test/rerun.test.js
355 silly gunzTarPerm modified mode [ 'test/rerun.test.js', 438, 420 ]
356 silly gunzTarPerm extractEntry test/database_fail.test.js
357 silly gunzTarPerm modified mode [ 'test/database_fail.test.js', 438, 420 ]
358 silly gunzTarPerm extractEntry test/scheduling.test.js
359 silly gunzTarPerm modified mode [ 'test/scheduling.test.js', 438, 420 ]
360 silly gunzTarPerm extractEntry test/constants.test.js
361 silly gunzTarPerm modified mode [ 'test/constants.test.js', 438, 420 ]
362 silly gunzTarPerm extractEntry test/serialization.test.js
363 silly gunzTarPerm modified mode [ 'test/serialization.test.js', 438, 420 ]
364 silly gunzTarPerm extractEntry test/cache.test.js
365 silly gunzTarPerm modified mode [ 'test/cache.test.js', 438, 420 ]
366 silly gunzTarPerm extractEntry test/trace.test.js
367 silly gunzTarPerm modified mode [ 'test/trace.test.js', 438, 420 ]
368 silly gunzTarPerm extractEntry test/named_params.test.js
369 silly gunzTarPerm modified mode [ 'test/named_params.test.js', 438, 420 ]
370 silly gunzTarPerm extractEntry test/unicode.test.js
371 silly gunzTarPerm modified mode [ 'test/unicode.test.js', 438, 420 ]
372 silly gunzTarPerm extractEntry test/null_error.test.js
373 silly gunzTarPerm modified mode [ 'test/null_error.test.js', 438, 420 ]
374 silly gunzTarPerm extractEntry test/support/createdb.js
375 silly gunzTarPerm modified mode [ 'test/support/createdb.js', 438, 420 ]
376 silly gunzTarPerm extractEntry test/support/helper.js
377 silly gunzTarPerm modified mode [ 'test/support/helper.js', 438, 420 ]
378 silly gunzTarPerm extractEntry test/support/elmo.png
379 silly gunzTarPerm modified mode [ 'test/support/elmo.png', 438, 420 ]
380 silly gunzTarPerm extractEntry test/support/prepare.db
381 silly gunzTarPerm modified mode [ 'test/support/prepare.db', 438, 420 ]
382 silly gunzTarPerm extractEntry test/support/script.sql
383 silly gunzTarPerm modified mode [ 'test/support/script.sql', 438, 420 ]
384 verbose read json C:\Users\Dani7\AppData\Roaming\npm-cache\sqlite3\2.1.7\package\package.json
385 silly lockFile c83d603c--npm-cache-sqlite3-2-1-7-package C:\Users\Dani7\AppData\Roaming\npm-cache\sqlite3\2.1.7\package
386 silly lockFile c83d603c--npm-cache-sqlite3-2-1-7-package C:\Users\Dani7\AppData\Roaming\npm-cache\sqlite3\2.1.7\package
387 silly lockFile 151dfbec--cache-sqlite3-2-1-7-package-tgz C:\Users\Dani7\AppData\Roaming\npm-cache\sqlite3\2.1.7\package.tgz
388 silly lockFile 151dfbec--cache-sqlite3-2-1-7-package-tgz C:\Users\Dani7\AppData\Roaming\npm-cache\sqlite3\2.1.7\package.tgz
389 silly shasum updated bytes 40960
390 silly shasum updated bytes 40960
391 silly shasum updated bytes 40960
392 silly shasum updated bytes 40960
393 silly shasum updated bytes 40960
394 silly shasum updated bytes 40960
395 silly shasum updated bytes 40960
396 silly shasum updated bytes 40960
397 silly shasum updated bytes 40960
398 silly shasum updated bytes 40960
399 silly shasum updated bytes 40960
400 silly shasum updated bytes 40960
401 silly shasum updated bytes 40960
402 silly shasum updated bytes 40960
403 silly shasum updated bytes 40960
404 silly shasum updated bytes 40960
405 silly shasum updated bytes 40960
406 silly shasum updated bytes 40960
407 silly shasum updated bytes 40960
408 silly shasum updated bytes 40960
409 silly shasum updated bytes 40960
410 silly shasum updated bytes 40960
411 silly shasum updated bytes 40960
412 silly shasum updated bytes 40960
413 silly shasum updated bytes 40960
414 silly shasum updated bytes 40960
415 silly shasum updated bytes 40960
416 silly shasum updated bytes 40960
417 silly shasum updated bytes 40960
418 silly shasum updated bytes 40960
419 silly shasum updated bytes 40960
420 silly shasum updated bytes 40960
421 silly shasum updated bytes 40960
422 silly shasum updated bytes 40960
423 silly shasum updated bytes 40960
424 silly shasum updated bytes 40960
425 silly shasum updated bytes 40960
426 silly shasum updated bytes 40960
427 silly shasum updated bytes 40960
428 silly shasum updated bytes 40960
429 silly shasum updated bytes 40960
430 silly shasum updated bytes 40960
431 silly shasum updated bytes 40960
432 silly shasum updated bytes 40960
433 silly shasum updated bytes 40960
434 silly shasum updated bytes 40960
435 silly shasum updated bytes 40960
436 silly shasum updated bytes 40960
437 silly shasum updated bytes 40960
438 silly shasum updated bytes 40960
439 silly shasum updated bytes 40960
440 silly shasum updated bytes 40960
441 silly shasum updated bytes 30791
442 info shasum 954439f0649d00aec87478d63a393071dbbce258
442 info shasum C:\Users\Dani7\AppData\Roaming\npm-cache\sqlite3\2.1.7\package.tgz
443 verbose from cache C:\Users\Dani7\AppData\Roaming\npm-cache\sqlite3\2.1.7\package\package.json
444 verbose chmod C:\Users\Dani7\AppData\Roaming\npm-cache\sqlite3\2.1.7\package.tgz 644
445 silly chown skipping for windows C:\Users\Dani7\AppData\Roaming\npm-cache\sqlite3\2.1.7\package.tgz
446 silly lockFile 6dc49e76-js-org-sqlite3-sqlite3-2-1-7-tgz https://registry.npmjs.org/sqlite3/-/sqlite3-2.1.7.tgz
447 silly lockFile 6dc49e76-js-org-sqlite3-sqlite3-2-1-7-tgz https://registry.npmjs.org/sqlite3/-/sqlite3-2.1.7.tgz
448 silly lockFile cb8bb12f-sqlite3-2-1-7 sqlite3@2.1.7
449 silly lockFile cb8bb12f-sqlite3-2-1-7 sqlite3@2.1.7
450 silly lockFile 19616d6e-sqlite3-2-1-7 sqlite3@>= 2.1.7
451 silly lockFile 19616d6e-sqlite3-2-1-7 sqlite3@>= 2.1.7
452 silly resolved [ { name: 'sqlite3',
452 silly resolved     description: 'Asynchronous, non-blocking SQLite3 bindings',
452 silly resolved     version: '2.1.7',
452 silly resolved     homepage: 'http://github.com/developmentseed/node-sqlite3',
452 silly resolved     author:
452 silly resolved      { name: 'Development Seed',
452 silly resolved        email: 'info@developmentseed.org',
452 silly resolved        url: 'http://developmentseed.org/' },
452 silly resolved     contributors:
452 silly resolved      [ [Object],
452 silly resolved        [Object],
452 silly resolved        [Object],
452 silly resolved        [Object],
452 silly resolved        [Object],
452 silly resolved        [Object],
452 silly resolved        [Object],
452 silly resolved        [Object],
452 silly resolved        [Object],
452 silly resolved        [Object],
452 silly resolved        [Object],
452 silly resolved        [Object],
452 silly resolved        [Object],
452 silly resolved        [Object] ],
452 silly resolved     repository:
452 silly resolved      { type: 'git',
452 silly resolved        url: 'git://github.com/developmentseed/node-sqlite3.git' },
452 silly resolved     devDependencies: { step: '0.0.4', mocha: '~1.7' },
452 silly resolved     engines: { node: '>= 0.6.13 && < 0.11.0' },
452 silly resolved     scripts: { test: 'mocha -R spec', install: 'node-gyp rebuild' },
452 silly resolved     licenses: [ [Object] ],
452 silly resolved     main: './lib/sqlite3',
452 silly resolved     gypfile: true,
452 silly resolved     readme: '# NAME\n\nnode-sqlite3 - Asynchronous, non-blocking [SQLite3](http://sqlite.org/) bindings for [node.js](https://github.com/joyent/node) 0.2-0.4 (versions 2.0.x), **0.6.13+ and 0.8.x** (versions 2.1.x).\n\n\n\n# USAGE\n\nInstall with `npm install sqlite3`.\n\n``` js\nvar sqlite3 = require(\'sqlite3\').verbose();\nvar db = new sqlite3.Database(\':memory:\');\n\ndb.serialize(function() {\n  db.run("CREATE TABLE lorem (info TEXT)");\n\n  var stmt = db.prepare("INSERT INTO lorem VALUES (?)");\n  for (var i = 0; i < 10; i++) {\n      stmt.run("Ipsum " + i);\n  }\n  stmt.finalize();\n\n  db.each("SELECT rowid AS id, info FROM lorem", function(err, row) {\n      console.log(row.id + ": " + row.info);\n  });\n});\n\ndb.close();\n```\n\n\n\n# FEATURES\n\n* Straightforward query and parameter binding interface\n* Full Buffer/Blob support\n* Extensive [debugging support](https://github.com/developmentseed/node-sqlite3/wiki/Debugging)\n* [Query serialization](https://github.com/developmentseed/node-sqlite3/wiki/Control-Flow) API\n* [Extension support](https://github.com/developmentseed/node-sqlite3/wiki/Extensions)\n* Big test suite\n* Written in modern C++ and tested for memory leaks\n\n\n\n# API\n\nSee the [API documentation](https://github.com/developmentseed/node-sqlite3/wiki) in the wiki.\n\n\n# BUILDING\n\nMake sure you have the sources for `sqlite3` installed. Mac OS X ships with these by default. If you don\'t have them installed, install the `-dev` package with your package manager, e.g. `apt-get install libsqlite3-dev` for Debian/Ubuntu. Make sure that you have at least `libsqlite3` >= 3.6.\n\nBulding also requires node-gyp to be installed. You can do this with npm:\n\n    npm install -g node-gyp\n\nTo obtain and build the bindings:\n\n    git clone git://github.com/developmentseed/node-sqlite3.git\n    cd node-sqlite3\n    ./configure\n    make\n\nYou can also use [`npm`](https://github.com/isaacs/npm) to download and install them:\n\n    npm install sqlite3\n\n\n\n# TESTS\n\n[expresso](https://github.com/visionmedia/expresso) is required to run unit tests.\n\n    npm install expresso\n    make test\n\n\n\n# CONTRIBUTORS\n\n* [Konstantin Käfer](https://github.com/kkaefer)\n* [Dane Springmeyer](https://github.com/springmeyer)\n* [Will White](https://github.com/willwhite)\n* [Orlando Vazquez](https://github.com/orlandov)\n* [Artem Kustikov](https://github.com/artiz)\n* [Eric Fredricksen](https://github.com/grumdrig)\n* [John Wright](https://github.com/mrjjwright)\n* [Ryan Dahl](https://github.com/ry)\n* [Tom MacWright](https://github.com/tmcw)\n* [Carter Thaxton](https://github.com/carter-thaxton)\n* [Audrius Kažukauskas](https://github.com/audriusk)\n* [Johannes Schauer](https://github.com/pyneo)\n\n\n\n# ACKNOWLEDGEMENTS\n\nThanks to [Orlando Vazquez](https://github.com/orlandov),\n[Eric Fredricksen](https://github.com/grumdrig) and\n[Ryan Dahl](https://github.com/ry) for their SQLite bindings for node, and to mraleph on Freenode\'s #v8 for answering questions.\n\nDevelopment of this module is sponsored by [Development Seed](http://developmentseed.org/).\n\n\n# LICENSE\n\n`node-sqlite3` is [BSD licensed](https://github.com/developmentseed/node-sqlite3/raw/master/LICENSE).\n',
452 silly resolved     readmeFilename: 'README.md',
452 silly resolved     _id: 'sqlite3@2.1.7',
452 silly resolved     dist: { shasum: '954439f0649d00aec87478d63a393071dbbce258' },
452 silly resolved     _from: 'sqlite3@>= 2.1.7',
452 silly resolved     _resolved: 'https://registry.npmjs.org/sqlite3/-/sqlite3-2.1.7.tgz' } ]
453 info install sqlite3@2.1.7 into C:\Users\Dani7\Documents\GitHub\Mount-Snow
454 info installOne sqlite3@2.1.7
455 verbose from cache C:\Users\Dani7\AppData\Roaming\npm-cache\sqlite3\2.1.7\package\package.json
456 info C:\Users\Dani7\Documents\GitHub\Mount-Snow\node_modules\sqlite3 unbuild
457 verbose from cache C:\Users\Dani7\Documents\GitHub\Mount-Snow\node_modules\sqlite3\package.json
458 info preuninstall sqlite3@2.1.7
459 info uninstall sqlite3@2.1.7
460 verbose true,C:\Users\Dani7\Documents\GitHub\Mount-Snow\node_modules,C:\Users\Dani7\Documents\GitHub\Mount-Snow\node_modules unbuild sqlite3@2.1.7
461 info postuninstall sqlite3@2.1.7
462 info C:\Users\Dani7\Documents\GitHub\Mount-Snow\node_modules\sqlite3 unbuild
463 verbose read json C:\Users\Dani7\Documents\GitHub\Mount-Snow\node_modules\sqlite3\package.json
464 info preuninstall sqlite3@2.1.7
465 info uninstall sqlite3@2.1.7
466 verbose true,C:\Users\Dani7\Documents\GitHub\Mount-Snow\node_modules,C:\Users\Dani7\Documents\GitHub\Mount-Snow\node_modules unbuild sqlite3@2.1.7
467 info postuninstall sqlite3@2.1.7
468 error error rolling back Error: EBUSY, unlink 'C:\Users\Dani7\Documents\GitHub\Mount-Snow\node_modules\sqlite3'
468 error error rolling back  sqlite3@2.1.7 { [Error: EBUSY, unlink 'C:\Users\Dani7\Documents\GitHub\Mount-Snow\node_modules\sqlite3']
468 error error rolling back   errno: 10,
468 error error rolling back   code: 'EBUSY',
468 error error rolling back   path: 'C:\\Users\\Dani7\\Documents\\GitHub\\Mount-Snow\\node_modules\\sqlite3' }
469 error Error: EBUSY, unlink 'C:\Users\Dani7\Documents\GitHub\Mount-Snow\node_modules\sqlite3'
470 error If you need help, you may report this log at:
470 error     <http://github.com/isaacs/npm/issues>
470 error or email it to:
470 error     <npm-@googlegroups.com>
471 error System Windows_NT 6.1.7601
472 error command "C:\\Program Files\\nodejs\\\\node.exe" "C:\\Program Files\\nodejs\\node_modules\\npm\\bin\\npm-cli.js" "install" "sqlite3"
473 error cwd C:\Users\Dani7\Documents\GitHub\Mount-Snow
474 error node -v v0.8.21
475 error npm -v 1.2.11
476 error path C:\Users\Dani7\Documents\GitHub\Mount-Snow\node_modules\sqlite3
477 error code EBUSY
478 error errno 10
479 verbose exit [ 10, true ]
